Arguments: 
  /usr/local/Cellar/node/8.1.3/bin/node /usr/local/bin/yarn install

PATH: 
  /Users/primate/.rvm/gems/ruby-2.4.1/bin:/Users/primate/.rvm/gems/ruby-2.4.1@global/bin:/Users/primate/.rvm/rubies/ruby-2.4.1/bin:/Users/primate/.rvm/bin:/usr/local/opt/openssl/bin:/Users/Primate/.rvm/gems/ruby-2.2.1/bin:/Users/Primate/.rvm/gems/ruby-2.2.1@global/bin:/Users/Primate/.rvm/rubies/ruby-2.2.1/bin:/usr/local/bin:/usr/bin:/bin:/usr/sbin:/sbin:/opt/X11/bin

Yarn version: 
  0.27.5

Node version: 
  8.1.3

Platform: 
  darwin x64

npm manifest: 
  {
    "name": "slickr",
    "version": "0.0.1",
    "private": true,
    "scripts": {
      "build": "webpack"
    },
    "dependencies": {
      "@rails/webpacker": "^3.0.1",
      "babel-core": "^6.26.0",
      "babel-loader": "7.x",
      "babel-plugin-syntax-dynamic-import": "^6.18.0",
      "babel-plugin-transform-class-properties": "^6.24.1",
      "babel-plugin-transform-object-rest-spread": "^6.26.0",
      "babel-polyfill": "^6.26.0",
      "babel-preset-env": "^1.6.0",
      "babel-preset-react": "^6.24.1",
      "browser-image-size": "^1.1.0",
      "classnames": "^2.2.5",
      "coffee-loader": "^0.7.3",
      "coffee-script": "^1.12.7",
      "compression-webpack-plugin": "^1.0.0",
      "css-loader": "^0.28.5",
      "debounce": "^1.0.2",
      "draft-js": "^0.10.1",
      "es6-promise": "^4.1.1",
      "extract-text-webpack-plugin": "^3.0.0",
      "file-loader": "^0.11.2",
      "formik": "^0.8.9",
      "glob": "^7.1.2",
      "input-moment": "^0.3.6",
      "js-yaml": "^3.9.1",
      "megadraft": "^0.4.27",
      "moment": "^2.18.1",
      "node-sass": "^4.5.3",
      "path-complete-extname": "^0.1.0",
      "postcss-cssnext": "^3.0.2",
      "postcss-loader": "^2.0.6",
      "postcss-smart-import": "^0.7.5",
      "prop-types": "^15.5.10",
      "rails-erb-loader": "^5.1.0",
      "react-cropper": "^1.0.0",
      "react-draft-wysiwyg": "^1.10.8",
      "react-dropzone": "^4.2.3",
      "react-grid-gallery": "^0.4.2",
      "react-icons": "^2.2.5",
      "react-image-crop": "^2.0.8",
      "react-modal": "^2.3.2",
      "react-redux": "^5.0.6",
      "react-select": "^1.0.0-rc.10",
      "react-sortable-tree": "^1.5.0",
      "redux-logger": "^3.0.6",
      "redux-thunk": "^2.2.0",
      "resolve-url-loader": "^2.1.0",
      "sass-loader": "^6.0.6",
      "style-loader": "^0.18.2",
      "superagent": "^3.6.0",
      "webpack": "^3.5.5",
      "webpack-manifest-plugin": "^1.3.1",
      "webpack-merge": "^4.1.0",
      "yup": "^0.22.0"
    },
    "devDependencies": {
      "babel-plugin-add-module-exports": "^0.2.1",
      "babel-preset-es2015": "^6.18.0",
      "babel-preset-stage-1": "^6.24.1",
      "webpack-dev-server": "^2.7.1",
      "react": "^15.6.1",
      "react-dom": "^15.6.1",
    }
  }

yarn manifest: 
  No manifest

Lockfile: 
  No lockfile

Trace: 
  SyntaxError: /Users/primate/Documents/Projects/slickr/package.json: Unexpected token } in JSON at position 2111
      at JSON.parse (<anonymous>)
      at /usr/local/Cellar/yarn/0.27.5/libexec/lib/yarn-cli.js:747:57
      at Generator.next (<anonymous>)
      at step (/usr/local/Cellar/yarn/0.27.5/libexec/lib/yarn-cli.js:91:30)
      at /usr/local/Cellar/yarn/0.27.5/libexec/lib/yarn-cli.js:102:13
      at <anonymous>
